<?xml version="1.0" encoding="UTF-8"?>
<!-- Generated by org.testng.reporters.JUnitReportReporter -->
<testsuite hostname="LAPTOP-TSQ3SGPQ" failures="0" tests="1" name="testcases.Login" time="13.973" errors="0" timestamp="2021-05-15T22:24:08 IST" skipped="0">
  <testcase classname="testcases.Login" name="loginOrangeHrm" time="13.973"/>
  <system-out/>
</testsuite> <!-- testcases.Login -->
